0 info it worked if it ends with ok
1 verbose cli [ '/usr/bin/nodejs', '/usr/bin/npm', 'install', 'onoff' ]
2 info using npm@3.5.2
3 info using node@v4.2.6
4 silly loadCurrentTree Starting
5 silly install loadCurrentTree
6 silly install readLocalPackageData
7 silly fetchPackageMetaData onoff
8 silly fetchNamedPackageData onoff
9 silly mapToRegistry name onoff
10 silly mapToRegistry using default registry
11 silly mapToRegistry registry https://registry.npmjs.org/
12 silly mapToRegistry uri https://registry.npmjs.org/onoff
13 verbose request uri https://registry.npmjs.org/onoff
14 verbose request no auth needed
15 info attempt registry request try #1 at 1:24:08 a. m.
16 verbose request id 3aeae6b5122a4f5f
17 verbose etag W/"31a0aedb92bbc9449887ea9b04f65e4e"
18 verbose lastModified Sun, 27 May 2018 11:13:02 GMT
19 http request GET https://registry.npmjs.org/onoff
20 http 304 https://registry.npmjs.org/onoff
21 verbose headers { date: 'Mon, 25 Jun 2018 07:24:09 GMT',
21 verbose headers   connection: 'keep-alive',
21 verbose headers   'set-cookie': [ '__cfduid=d3948ce9b56a400d302e6c26ffb6dcc4a1529911449; expires=Tue, 25-Jun-19 07:24:09 GMT; path=/; domain=.registry.npmjs.org; HttpOnly' ],
21 verbose headers   'cache-control': 'max-age=300',
21 verbose headers   'cf-cache-status': 'HIT',
21 verbose headers   'cf-ray': '4305b15e59207d57-LIM',
21 verbose headers   etag: '"31a0aedb92bbc9449887ea9b04f65e4e"',
21 verbose headers   'expect-ct': 'max-age=604800, report-uri="https://report-uri.cloudflare.com/cdn-cgi/beacon/expect-ct"',
21 verbose headers   'last-modified': 'Sun, 27 May 2018 11:13:02 GMT',
21 verbose headers   vary: 'accept-encoding, accept',
21 verbose headers   server: 'cloudflare' }
22 silly get cb [ 304,
22 silly get   { date: 'Mon, 25 Jun 2018 07:24:09 GMT',
22 silly get     connection: 'keep-alive',
22 silly get     'set-cookie': [ '__cfduid=d3948ce9b56a400d302e6c26ffb6dcc4a1529911449; expires=Tue, 25-Jun-19 07:24:09 GMT; path=/; domain=.registry.npmjs.org; HttpOnly' ],
22 silly get     'cache-control': 'max-age=300',
22 silly get     'cf-cache-status': 'HIT',
22 silly get     'cf-ray': '4305b15e59207d57-LIM',
22 silly get     etag: '"31a0aedb92bbc9449887ea9b04f65e4e"',
22 silly get     'expect-ct': 'max-age=604800, report-uri="https://report-uri.cloudflare.com/cdn-cgi/beacon/expect-ct"',
22 silly get     'last-modified': 'Sun, 27 May 2018 11:13:02 GMT',
22 silly get     vary: 'accept-encoding, accept',
22 silly get     server: 'cloudflare' } ]
23 verbose etag https://registry.npmjs.org/onoff from cache
24 verbose get saving onoff to /home/rickyrasp/.npm/registry.npmjs.org/onoff/.cache.json
25 silly install normalizeTree
26 silly loadCurrentTree Finishing
27 silly loadIdealTree Starting
28 silly install loadIdealTree
29 silly cloneCurrentTree Starting
30 silly install cloneCurrentTreeToIdealTree
31 silly cloneCurrentTree Finishing
32 silly loadShrinkwrap Starting
33 silly install loadShrinkwrap
34 silly loadShrinkwrap Finishing
35 silly loadAllDepsIntoIdealTree Starting
36 silly install loadAllDepsIntoIdealTree
37 silly resolveWithNewModule onoff@3.1.0 checking installable status
38 silly cache add args [ 'onoff', null ]
39 verbose cache add spec onoff
40 silly cache add parsed spec Result {
40 silly cache add   raw: 'onoff',
40 silly cache add   scope: null,
40 silly cache add   name: 'onoff',
40 silly cache add   rawSpec: '',
40 silly cache add   spec: 'latest',
40 silly cache add   type: 'tag' }
41 silly addNamed onoff@latest
42 verbose addNamed "latest" is being treated as a dist-tag for onoff
43 info addNameTag [ 'onoff', 'latest' ]
44 silly mapToRegistry name onoff
45 silly mapToRegistry using default registry
46 silly mapToRegistry registry https://registry.npmjs.org/
47 silly mapToRegistry uri https://registry.npmjs.org/onoff
48 verbose addNameTag registry:https://registry.npmjs.org/onoff not in flight; fetching
49 verbose get https://registry.npmjs.org/onoff not expired, no request
50 silly addNameTag next cb for onoff with tag latest
51 silly addNamed onoff@3.1.0
52 verbose addNamed "3.1.0" is a plain semver version for onoff
53 silly cache afterAdd onoff@3.1.0
54 verbose afterAdd /home/rickyrasp/.npm/onoff/3.1.0/package/package.json not in flight; writing
55 verbose afterAdd /home/rickyrasp/.npm/onoff/3.1.0/package/package.json written
56 silly fetchNamedPackageData epoll
57 silly mapToRegistry name epoll
58 silly mapToRegistry using default registry
59 silly mapToRegistry registry https://registry.npmjs.org/
60 silly mapToRegistry uri https://registry.npmjs.org/epoll
61 verbose request uri https://registry.npmjs.org/epoll
62 verbose request no auth needed
63 info attempt registry request try #1 at 1:24:11 a. m.
64 verbose etag W/"2f1c9eeac077fb02db03bb8834d8fc9c"
65 verbose lastModified Sat, 26 May 2018 23:38:30 GMT
66 http request GET https://registry.npmjs.org/epoll
67 http 304 https://registry.npmjs.org/epoll
68 verbose headers { date: 'Mon, 25 Jun 2018 07:24:11 GMT',
68 verbose headers   connection: 'keep-alive',
68 verbose headers   'set-cookie': [ '__cfduid=d269aa022567bfa611d0aae9dffbb21de1529911451; expires=Tue, 25-Jun-19 07:24:11 GMT; path=/; domain=.registry.npmjs.org; HttpOnly' ],
68 verbose headers   'cache-control': 'max-age=300',
68 verbose headers   'cf-cache-status': 'HIT',
68 verbose headers   'cf-ray': '4305b16c7c8e7da5-LIM',
68 verbose headers   etag: '"2f1c9eeac077fb02db03bb8834d8fc9c"',
68 verbose headers   'expect-ct': 'max-age=604800, report-uri="https://report-uri.cloudflare.com/cdn-cgi/beacon/expect-ct"',
68 verbose headers   'last-modified': 'Sat, 26 May 2018 23:38:30 GMT',
68 verbose headers   vary: 'accept-encoding, accept',
68 verbose headers   server: 'cloudflare' }
69 silly get cb [ 304,
69 silly get   { date: 'Mon, 25 Jun 2018 07:24:11 GMT',
69 silly get     connection: 'keep-alive',
69 silly get     'set-cookie': [ '__cfduid=d269aa022567bfa611d0aae9dffbb21de1529911451; expires=Tue, 25-Jun-19 07:24:11 GMT; path=/; domain=.registry.npmjs.org; HttpOnly' ],
69 silly get     'cache-control': 'max-age=300',
69 silly get     'cf-cache-status': 'HIT',
69 silly get     'cf-ray': '4305b16c7c8e7da5-LIM',
69 silly get     etag: '"2f1c9eeac077fb02db03bb8834d8fc9c"',
69 silly get     'expect-ct': 'max-age=604800, report-uri="https://report-uri.cloudflare.com/cdn-cgi/beacon/expect-ct"',
69 silly get     'last-modified': 'Sat, 26 May 2018 23:38:30 GMT',
69 silly get     vary: 'accept-encoding, accept',
69 silly get     server: 'cloudflare' } ]
70 verbose etag https://registry.npmjs.org/epoll from cache
71 verbose get saving epoll to /home/rickyrasp/.npm/registry.npmjs.org/epoll/.cache.json
72 silly resolveWithNewModule epoll@2.0.1 checking installable status
73 silly cache add args [ 'epoll@^2.0.1', null ]
74 verbose cache add spec epoll@^2.0.1
75 silly cache add parsed spec Result {
75 silly cache add   raw: 'epoll@^2.0.1',
75 silly cache add   scope: null,
75 silly cache add   name: 'epoll',
75 silly cache add   rawSpec: '^2.0.1',
75 silly cache add   spec: '>=2.0.1 <3.0.0',
75 silly cache add   type: 'range' }
76 silly addNamed epoll@>=2.0.1 <3.0.0
77 verbose addNamed ">=2.0.1 <3.0.0" is a valid semver range for epoll
78 silly addNameRange { name: 'epoll', range: '>=2.0.1 <3.0.0', hasData: false }
79 silly mapToRegistry name epoll
80 silly mapToRegistry using default registry
81 silly mapToRegistry registry https://registry.npmjs.org/
82 silly mapToRegistry uri https://registry.npmjs.org/epoll
83 verbose addNameRange registry:https://registry.npmjs.org/epoll not in flight; fetching
84 verbose get https://registry.npmjs.org/epoll not expired, no request
85 silly addNameRange number 2 { name: 'epoll', range: '>=2.0.1 <3.0.0', hasData: true }
86 silly addNameRange versions [ 'epoll',
86 silly addNameRange   [ '0.0.1',
86 silly addNameRange     '0.0.2',
86 silly addNameRange     '0.0.3',
86 silly addNameRange     '0.0.4',
86 silly addNameRange     '0.0.5',
86 silly addNameRange     '0.0.6',
86 silly addNameRange     '0.0.7',
86 silly addNameRange     '0.0.8',
86 silly addNameRange     '0.1.0',
86 silly addNameRange     '0.1.1',
86 silly addNameRange     '0.1.2',
86 silly addNameRange     '0.1.3',
86 silly addNameRange     '0.1.4',
86 silly addNameRange     '0.1.5',
86 silly addNameRange     '0.1.7',
86 silly addNameRange     '0.1.8',
86 silly addNameRange     '0.1.9',
86 silly addNameRange     '0.1.10',
86 silly addNameRange     '0.1.11',
86 silly addNameRange     '0.1.12',
86 silly addNameRange     '0.1.13',
86 silly addNameRange     '0.1.14',
86 silly addNameRange     '0.1.15',
86 silly addNameRange     '0.1.16',
86 silly addNameRange     '0.1.17',
86 silly addNameRange     '0.1.18',
86 silly addNameRange     '0.1.19',
86 silly addNameRange     '0.1.20',
86 silly addNameRange     '0.1.21',
86 silly addNameRange     '0.1.22',
86 silly addNameRange     '1.0.0',
86 silly addNameRange     '1.0.1',
86 silly addNameRange     '1.0.2',
86 silly addNameRange     '2.0.0',
86 silly addNameRange     '2.0.1' ] ]
87 silly addNamed epoll@2.0.1
88 verbose addNamed "2.0.1" is a plain semver version for epoll
89 silly cache afterAdd epoll@2.0.1
90 verbose afterAdd /home/rickyrasp/.npm/epoll/2.0.1/package/package.json not in flight; writing
91 verbose afterAdd /home/rickyrasp/.npm/epoll/2.0.1/package/package.json written
92 silly fetchNamedPackageData bindings
93 silly mapToRegistry name bindings
94 silly mapToRegistry using default registry
95 silly mapToRegistry registry https://registry.npmjs.org/
96 silly mapToRegistry uri https://registry.npmjs.org/bindings
97 silly fetchNamedPackageData nan
98 silly mapToRegistry name nan
99 silly mapToRegistry using default registry
100 silly mapToRegistry registry https://registry.npmjs.org/
101 silly mapToRegistry uri https://registry.npmjs.org/nan
102 verbose request uri https://registry.npmjs.org/bindings
103 verbose request no auth needed
104 info attempt registry request try #1 at 1:24:11 a. m.
105 verbose etag W/"032d1e4fd790b7bf3a22d4035271b1a6"
106 verbose lastModified Sat, 26 May 2018 02:07:16 GMT
107 http request GET https://registry.npmjs.org/bindings
108 verbose request uri https://registry.npmjs.org/nan
109 verbose request no auth needed
110 info attempt registry request try #1 at 1:24:12 a. m.
111 verbose etag W/"249a7c29055ea21c4b8d244bd7b33a97"
112 verbose lastModified Sun, 27 May 2018 09:01:11 GMT
113 http request GET https://registry.npmjs.org/nan
114 http 304 https://registry.npmjs.org/bindings
115 verbose headers { date: 'Mon, 25 Jun 2018 07:24:12 GMT',
115 verbose headers   connection: 'keep-alive',
115 verbose headers   'set-cookie': [ '__cfduid=d44ef52b00c78c7d7141e1b63e6d60bab1529911452; expires=Tue, 25-Jun-19 07:24:12 GMT; path=/; domain=.registry.npmjs.org; HttpOnly' ],
115 verbose headers   'cache-control': 'max-age=300',
115 verbose headers   'cf-cache-status': 'HIT',
115 verbose headers   'cf-ray': '4305b1707e9d7d93-LIM',
115 verbose headers   etag: '"032d1e4fd790b7bf3a22d4035271b1a6"',
115 verbose headers   'expect-ct': 'max-age=604800, report-uri="https://report-uri.cloudflare.com/cdn-cgi/beacon/expect-ct"',
115 verbose headers   'last-modified': 'Sat, 26 May 2018 02:07:16 GMT',
115 verbose headers   vary: 'accept-encoding, accept',
115 verbose headers   server: 'cloudflare' }
116 silly get cb [ 304,
116 silly get   { date: 'Mon, 25 Jun 2018 07:24:12 GMT',
116 silly get     connection: 'keep-alive',
116 silly get     'set-cookie': [ '__cfduid=d44ef52b00c78c7d7141e1b63e6d60bab1529911452; expires=Tue, 25-Jun-19 07:24:12 GMT; path=/; domain=.registry.npmjs.org; HttpOnly' ],
116 silly get     'cache-control': 'max-age=300',
116 silly get     'cf-cache-status': 'HIT',
116 silly get     'cf-ray': '4305b1707e9d7d93-LIM',
116 silly get     etag: '"032d1e4fd790b7bf3a22d4035271b1a6"',
116 silly get     'expect-ct': 'max-age=604800, report-uri="https://report-uri.cloudflare.com/cdn-cgi/beacon/expect-ct"',
116 silly get     'last-modified': 'Sat, 26 May 2018 02:07:16 GMT',
116 silly get     vary: 'accept-encoding, accept',
116 silly get     server: 'cloudflare' } ]
117 verbose etag https://registry.npmjs.org/bindings from cache
118 verbose get saving bindings to /home/rickyrasp/.npm/registry.npmjs.org/bindings/.cache.json
119 http 304 https://registry.npmjs.org/nan
120 verbose headers { date: 'Mon, 25 Jun 2018 07:24:12 GMT',
120 verbose headers   connection: 'keep-alive',
120 verbose headers   'set-cookie': [ '__cfduid=dffced85a8f21056381fb06d57791f6131529911452; expires=Tue, 25-Jun-19 07:24:12 GMT; path=/; domain=.registry.npmjs.org; HttpOnly' ],
120 verbose headers   'cache-control': 'max-age=300',
120 verbose headers   'cf-cache-status': 'HIT',
120 verbose headers   'cf-ray': '4305b17078137d7b-LIM',
120 verbose headers   etag: '"249a7c29055ea21c4b8d244bd7b33a97"',
120 verbose headers   'expect-ct': 'max-age=604800, report-uri="https://report-uri.cloudflare.com/cdn-cgi/beacon/expect-ct"',
120 verbose headers   'last-modified': 'Sun, 27 May 2018 09:01:11 GMT',
120 verbose headers   vary: 'accept-encoding, accept',
120 verbose headers   server: 'cloudflare' }
121 silly get cb [ 304,
121 silly get   { date: 'Mon, 25 Jun 2018 07:24:12 GMT',
121 silly get     connection: 'keep-alive',
121 silly get     'set-cookie': [ '__cfduid=dffced85a8f21056381fb06d57791f6131529911452; expires=Tue, 25-Jun-19 07:24:12 GMT; path=/; domain=.registry.npmjs.org; HttpOnly' ],
121 silly get     'cache-control': 'max-age=300',
121 silly get     'cf-cache-status': 'HIT',
121 silly get     'cf-ray': '4305b17078137d7b-LIM',
121 silly get     etag: '"249a7c29055ea21c4b8d244bd7b33a97"',
121 silly get     'expect-ct': 'max-age=604800, report-uri="https://report-uri.cloudflare.com/cdn-cgi/beacon/expect-ct"',
121 silly get     'last-modified': 'Sun, 27 May 2018 09:01:11 GMT',
121 silly get     vary: 'accept-encoding, accept',
121 silly get     server: 'cloudflare' } ]
122 verbose etag https://registry.npmjs.org/nan from cache
123 verbose get saving nan to /home/rickyrasp/.npm/registry.npmjs.org/nan/.cache.json
124 silly resolveWithNewModule bindings@1.3.0 checking installable status
125 silly cache add args [ 'bindings@^1.3.0', null ]
126 verbose cache add spec bindings@^1.3.0
127 silly cache add parsed spec Result {
127 silly cache add   raw: 'bindings@^1.3.0',
127 silly cache add   scope: null,
127 silly cache add   name: 'bindings',
127 silly cache add   rawSpec: '^1.3.0',
127 silly cache add   spec: '>=1.3.0 <2.0.0',
127 silly cache add   type: 'range' }
128 silly addNamed bindings@>=1.3.0 <2.0.0
129 verbose addNamed ">=1.3.0 <2.0.0" is a valid semver range for bindings
130 silly addNameRange { name: 'bindings', range: '>=1.3.0 <2.0.0', hasData: false }
131 silly mapToRegistry name bindings
132 silly mapToRegistry using default registry
133 silly mapToRegistry registry https://registry.npmjs.org/
134 silly mapToRegistry uri https://registry.npmjs.org/bindings
135 verbose addNameRange registry:https://registry.npmjs.org/bindings not in flight; fetching
136 silly resolveWithNewModule nan@2.10.0 checking installable status
137 silly cache add args [ 'nan@^2.10.0', null ]
138 verbose cache add spec nan@^2.10.0
139 silly cache add parsed spec Result {
139 silly cache add   raw: 'nan@^2.10.0',
139 silly cache add   scope: null,
139 silly cache add   name: 'nan',
139 silly cache add   rawSpec: '^2.10.0',
139 silly cache add   spec: '>=2.10.0 <3.0.0',
139 silly cache add   type: 'range' }
140 silly addNamed nan@>=2.10.0 <3.0.0
141 verbose addNamed ">=2.10.0 <3.0.0" is a valid semver range for nan
142 silly addNameRange { name: 'nan', range: '>=2.10.0 <3.0.0', hasData: false }
143 silly mapToRegistry name nan
144 silly mapToRegistry using default registry
145 silly mapToRegistry registry https://registry.npmjs.org/
146 silly mapToRegistry uri https://registry.npmjs.org/nan
147 verbose addNameRange registry:https://registry.npmjs.org/nan not in flight; fetching
148 verbose get https://registry.npmjs.org/bindings not expired, no request
149 silly addNameRange number 2 { name: 'bindings', range: '>=1.3.0 <2.0.0', hasData: true }
150 silly addNameRange versions [ 'bindings',
150 silly addNameRange   [ '0.0.1',
150 silly addNameRange     '0.1.0',
150 silly addNameRange     '0.1.1',
150 silly addNameRange     '0.2.0',
150 silly addNameRange     '0.2.1',
150 silly addNameRange     '0.2.2',
150 silly addNameRange     '0.2.3',
150 silly addNameRange     '0.2.4',
150 silly addNameRange     '0.3.0',
150 silly addNameRange     '0.4.0',
150 silly addNameRange     '1.0.0',
150 silly addNameRange     '1.1.0',
150 silly addNameRange     '1.1.1',
150 silly addNameRange     '1.2.0',
150 silly addNameRange     '1.2.1',
150 silly addNameRange     '1.3.0' ] ]
151 silly addNamed bindings@1.3.0
152 verbose addNamed "1.3.0" is a plain semver version for bindings
153 verbose get https://registry.npmjs.org/nan not expired, no request
154 silly addNameRange number 2 { name: 'nan', range: '>=2.10.0 <3.0.0', hasData: true }
155 silly addNameRange versions [ 'nan',
155 silly addNameRange   [ '0.3.0-wip',
155 silly addNameRange     '0.3.0-wip2',
155 silly addNameRange     '0.3.0',
155 silly addNameRange     '0.3.1',
155 silly addNameRange     '0.3.2',
155 silly addNameRange     '0.4.0',
155 silly addNameRange     '0.4.1',
155 silly addNameRange     '0.4.2',
155 silly addNameRange     '0.4.3',
155 silly addNameRange     '0.4.4',
155 silly addNameRange     '0.5.0',
155 silly addNameRange     '0.5.1',
155 silly addNameRange     '0.5.2',
155 silly addNameRange     '0.6.0',
155 silly addNameRange     '0.7.0',
155 silly addNameRange     '0.7.1',
155 silly addNameRange     '0.8.0',
155 silly addNameRange     '1.0.0',
155 silly addNameRange     '1.1.0',
155 silly addNameRange     '1.1.1',
155 silly addNameRange     '1.1.2',
155 silly addNameRange     '1.2.0',
155 silly addNameRange     '1.3.0',
155 silly addNameRange     '1.4.0',
155 silly addNameRange     '1.4.1',
155 silly addNameRange     '1.5.0',
155 silly addNameRange     '1.4.2',
155 silly addNameRange     '1.4.3',
155 silly addNameRange     '1.5.1',
155 silly addNameRange     '1.5.2',
155 silly addNameRange     '1.6.0',
155 silly addNameRange     '1.5.3',
155 silly addNameRange     '1.6.1',
155 silly addNameRange     '1.6.2',
155 silly addNameRange     '1.7.0',
155 silly addNameRange     '1.8.0',
155 silly addNameRange     '1.8.1',
155 silly addNameRange     '1.8.2',
155 silly addNameRange     '1.8.3',
155 silly addNameRange     '1.8.4',
155 silly addNameRange     '1.9.0',
155 silly addNameRange     '2.0.0',
155 silly addNameRange     '2.0.1',
155 silly addNameRange     '2.0.2',
155 silly addNameRange     '2.0.3',
155 silly addNameRange     '2.0.4',
155 silly addNameRange     '2.0.5',
155 silly addNameRange     '2.0.6',
155 silly addNameRange     '2.0.7',
155 silly addNameRange     '2.0.8',
155 silly addNameRange     '2.0.9',
155 silly addNameRange     '2.1.0',
155 silly addNameRange     '2.2.0',
155 silly addNameRange     '2.2.1',
155 silly addNameRange     '2.3.0',
155 silly addNameRange     '2.3.1',
155 silly addNameRange     '2.3.2',
155 silly addNameRange     '2.3.3',
155 silly addNameRange     '2.3.4',
155 silly addNameRange     '2.3.5',
155 silly addNameRange     '2.4.0',
155 silly addNameRange     '2.5.0',
155 silly addNameRange     '2.5.1',
155 silly addNameRange     '2.6.0',
155 silly addNameRange     '2.6.1',
155 silly addNameRange     '2.6.2',
155 silly addNameRange     '2.7.0',
155 silly addNameRange     '2.8.0',
155 silly addNameRange     '2.9.1',
155 silly addNameRange     '2.9.2',
155 silly addNameRange     '2.10.0' ] ]
156 silly addNamed nan@2.10.0
157 verbose addNamed "2.10.0" is a plain semver version for nan
158 silly cache afterAdd bindings@1.3.0
159 verbose afterAdd /home/rickyrasp/.npm/bindings/1.3.0/package/package.json not in flight; writing
160 silly cache afterAdd nan@2.10.0
161 verbose afterAdd /home/rickyrasp/.npm/nan/2.10.0/package/package.json not in flight; writing
162 verbose afterAdd /home/rickyrasp/.npm/bindings/1.3.0/package/package.json written
163 verbose afterAdd /home/rickyrasp/.npm/nan/2.10.0/package/package.json written
164 silly loadAllDepsIntoIdealTree Finishing
165 silly idealTree:prePrune carrito@1.0.0
165 silly idealTree:prePrune ├── abbrev@1.1.1
165 silly idealTree:prePrune ├── ajv@4.11.8
165 silly idealTree:prePrune ├── ansi-regex@2.1.1
165 silly idealTree:prePrune ├── aproba@1.2.0
165 silly idealTree:prePrune ├── are-we-there-yet@1.1.5
165 silly idealTree:prePrune ├── asn1@0.2.3
165 silly idealTree:prePrune ├── assert-plus@0.2.0
165 silly idealTree:prePrune ├── asynckit@0.4.0
165 silly idealTree:prePrune ├── aws-sign2@0.6.0
165 silly idealTree:prePrune ├── aws4@1.7.0
165 silly idealTree:prePrune ├── balanced-match@1.0.0
165 silly idealTree:prePrune ├── bcrypt-pbkdf@1.0.1
165 silly idealTree:prePrune ├── bindings@1.3.0
165 silly idealTree:prePrune ├── block-stream@0.0.9
165 silly idealTree:prePrune ├── boom@2.10.1
165 silly idealTree:prePrune ├── brace-expansion@1.1.11
165 silly idealTree:prePrune ├── caseless@0.12.0
165 silly idealTree:prePrune ├── co@4.6.0
165 silly idealTree:prePrune ├── code-point-at@1.1.0
165 silly idealTree:prePrune ├── combined-stream@1.0.6
165 silly idealTree:prePrune ├── concat-map@0.0.1
165 silly idealTree:prePrune ├── console-control-strings@1.1.0
165 silly idealTree:prePrune ├── core-util-is@1.0.2
165 silly idealTree:prePrune ├── cryptiles@2.0.5
165 silly idealTree:prePrune ├─┬ dashdash@1.14.1
165 silly idealTree:prePrune │ └── assert-plus@1.0.0
165 silly idealTree:prePrune ├── delayed-stream@1.0.0
165 silly idealTree:prePrune ├── delegates@1.0.0
165 silly idealTree:prePrune ├── ecc-jsbn@0.1.1
165 silly idealTree:prePrune ├── epoll@2.0.1
165 silly idealTree:prePrune ├── extend@3.0.1
165 silly idealTree:prePrune ├── extsprintf@1.3.0
165 silly idealTree:prePrune ├── forever-agent@0.6.1
165 silly idealTree:prePrune ├── form-data@2.1.4
165 silly idealTree:prePrune ├── fs.realpath@1.0.0
165 silly idealTree:prePrune ├── fstream@1.0.11
165 silly idealTree:prePrune ├── gauge@2.7.4
165 silly idealTree:prePrune ├─┬ getpass@0.1.7
165 silly idealTree:prePrune │ └── assert-plus@1.0.0
165 silly idealTree:prePrune ├── glob@7.1.2
165 silly idealTree:prePrune ├── graceful-fs@4.1.11
165 silly idealTree:prePrune ├── har-schema@1.0.5
165 silly idealTree:prePrune ├── har-validator@4.2.1
165 silly idealTree:prePrune ├── has-unicode@2.0.1
165 silly idealTree:prePrune ├── hawk@3.1.3
165 silly idealTree:prePrune ├── hoek@2.16.3
165 silly idealTree:prePrune ├── http-signature@1.1.1
165 silly idealTree:prePrune ├── inflight@1.0.6
165 silly idealTree:prePrune ├── inherits@2.0.3
165 silly idealTree:prePrune ├── is-fullwidth-code-point@1.0.0
165 silly idealTree:prePrune ├── is-typedarray@1.0.0
165 silly idealTree:prePrune ├── isarray@1.0.0
165 silly idealTree:prePrune ├── isexe@2.0.0
165 silly idealTree:prePrune ├── isstream@0.1.2
165 silly idealTree:prePrune ├── jsbn@0.1.1
165 silly idealTree:prePrune ├── json-schema@0.2.3
165 silly idealTree:prePrune ├── json-stable-stringify@1.0.1
165 silly idealTree:prePrune ├── json-stringify-safe@5.0.1
165 silly idealTree:prePrune ├── jsonify@0.0.0
165 silly idealTree:prePrune ├─┬ jsprim@1.4.1
165 silly idealTree:prePrune │ └── assert-plus@1.0.0
165 silly idealTree:prePrune ├── lodash.debounce@4.0.8
165 silly idealTree:prePrune ├── mime-db@1.33.0
165 silly idealTree:prePrune ├── mime-types@2.1.18
165 silly idealTree:prePrune ├── minimatch@3.0.4
165 silly idealTree:prePrune ├── minimist@0.0.8
165 silly idealTree:prePrune ├── mkdirp@0.5.1
165 silly idealTree:prePrune ├── nan@2.10.0
165 silly idealTree:prePrune ├── node-gyp@3.7.0
165 silly idealTree:prePrune ├── nopt@3.0.6
165 silly idealTree:prePrune ├── npmlog@4.1.2
165 silly idealTree:prePrune ├── number-is-nan@1.0.1
165 silly idealTree:prePrune ├── oauth-sign@0.8.2
165 silly idealTree:prePrune ├── object-assign@4.1.1
165 silly idealTree:prePrune ├── once@1.4.0
165 silly idealTree:prePrune ├── onoff@3.1.0
165 silly idealTree:prePrune ├── optimist@0.3.7
165 silly idealTree:prePrune ├── os-homedir@1.0.2
165 silly idealTree:prePrune ├── os-tmpdir@1.0.2
165 silly idealTree:prePrune ├── osenv@0.1.5
165 silly idealTree:prePrune ├── path-is-absolute@1.0.1
165 silly idealTree:prePrune ├── performance-now@0.2.0
165 silly idealTree:prePrune ├── process-nextick-args@2.0.0
165 silly idealTree:prePrune ├── punycode@1.4.1
165 silly idealTree:prePrune ├── qs@6.4.0
165 silly idealTree:prePrune ├── readable-stream@2.3.6
165 silly idealTree:prePrune ├── rebuild@0.1.2
165 silly idealTree:prePrune ├── request@2.81.0
165 silly idealTree:prePrune ├── rimraf@2.6.2
165 silly idealTree:prePrune ├── safe-buffer@5.1.2
165 silly idealTree:prePrune ├── safer-buffer@2.1.2
165 silly idealTree:prePrune ├── semver@5.3.0
165 silly idealTree:prePrune ├── set-blocking@2.0.0
165 silly idealTree:prePrune ├── signal-exit@3.0.2
165 silly idealTree:prePrune ├── sntp@1.0.9
165 silly idealTree:prePrune ├─┬ sshpk@1.14.2
165 silly idealTree:prePrune │ └── assert-plus@1.0.0
165 silly idealTree:prePrune ├── string_decoder@1.1.1
165 silly idealTree:prePrune ├── string-width@1.0.2
165 silly idealTree:prePrune ├── stringstream@0.0.6
165 silly idealTree:prePrune ├── strip-ansi@3.0.1
165 silly idealTree:prePrune ├── tar@2.2.1
165 silly idealTree:prePrune ├── tough-cookie@2.3.4
165 silly idealTree:prePrune ├── tunnel-agent@0.6.0
165 silly idealTree:prePrune ├── tweetnacl@0.14.5
165 silly idealTree:prePrune ├── util-deprecate@1.0.2
165 silly idealTree:prePrune ├── uuid@3.2.1
165 silly idealTree:prePrune ├─┬ verror@1.10.0
165 silly idealTree:prePrune │ └── assert-plus@1.0.0
165 silly idealTree:prePrune ├── which@1.3.1
165 silly idealTree:prePrune ├── wide-align@1.1.3
165 silly idealTree:prePrune ├── wordwrap@0.0.3
165 silly idealTree:prePrune └── wrappy@1.0.2
166 silly loadIdealTree Finishing
167 silly currentTree carrito@1.0.0
167 silly currentTree ├── abbrev@1.1.1
167 silly currentTree ├── ajv@4.11.8
167 silly currentTree ├── ansi-regex@2.1.1
167 silly currentTree ├── aproba@1.2.0
167 silly currentTree ├── are-we-there-yet@1.1.5
167 silly currentTree ├── asn1@0.2.3
167 silly currentTree ├── assert-plus@0.2.0
167 silly currentTree ├── asynckit@0.4.0
167 silly currentTree ├── aws-sign2@0.6.0
167 silly currentTree ├── aws4@1.7.0
167 silly currentTree ├── balanced-match@1.0.0
167 silly currentTree ├── bcrypt-pbkdf@1.0.1
167 silly currentTree ├── block-stream@0.0.9
167 silly currentTree ├── boom@2.10.1
167 silly currentTree ├── brace-expansion@1.1.11
167 silly currentTree ├── caseless@0.12.0
167 silly currentTree ├── co@4.6.0
167 silly currentTree ├── code-point-at@1.1.0
167 silly currentTree ├── combined-stream@1.0.6
167 silly currentTree ├── concat-map@0.0.1
167 silly currentTree ├── console-control-strings@1.1.0
167 silly currentTree ├── core-util-is@1.0.2
167 silly currentTree ├── cryptiles@2.0.5
167 silly currentTree ├─┬ dashdash@1.14.1
167 silly currentTree │ └── assert-plus@1.0.0
167 silly currentTree ├── delayed-stream@1.0.0
167 silly currentTree ├── delegates@1.0.0
167 silly currentTree ├── ecc-jsbn@0.1.1
167 silly currentTree ├── extend@3.0.1
167 silly currentTree ├── extsprintf@1.3.0
167 silly currentTree ├── forever-agent@0.6.1
167 silly currentTree ├── form-data@2.1.4
167 silly currentTree ├── fs.realpath@1.0.0
167 silly currentTree ├── fstream@1.0.11
167 silly currentTree ├── gauge@2.7.4
167 silly currentTree ├─┬ getpass@0.1.7
167 silly currentTree │ └── assert-plus@1.0.0
167 silly currentTree ├── glob@7.1.2
167 silly currentTree ├── graceful-fs@4.1.11
167 silly currentTree ├── har-schema@1.0.5
167 silly currentTree ├── har-validator@4.2.1
167 silly currentTree ├── has-unicode@2.0.1
167 silly currentTree ├── hawk@3.1.3
167 silly currentTree ├── hoek@2.16.3
167 silly currentTree ├── http-signature@1.1.1
167 silly currentTree ├── inflight@1.0.6
167 silly currentTree ├── inherits@2.0.3
167 silly currentTree ├── is-fullwidth-code-point@1.0.0
167 silly currentTree ├── is-typedarray@1.0.0
167 silly currentTree ├── isarray@1.0.0
167 silly currentTree ├── isexe@2.0.0
167 silly currentTree ├── isstream@0.1.2
167 silly currentTree ├── jsbn@0.1.1
167 silly currentTree ├── json-schema@0.2.3
167 silly currentTree ├── json-stable-stringify@1.0.1
167 silly currentTree ├── json-stringify-safe@5.0.1
167 silly currentTree ├── jsonify@0.0.0
167 silly currentTree ├─┬ jsprim@1.4.1
167 silly currentTree │ └── assert-plus@1.0.0
167 silly currentTree ├── lodash.debounce@4.0.8
167 silly currentTree ├── mime-db@1.33.0
167 silly currentTree ├── mime-types@2.1.18
167 silly currentTree ├── minimatch@3.0.4
167 silly currentTree ├── minimist@0.0.8
167 silly currentTree ├── mkdirp@0.5.1
167 silly currentTree ├── node-gyp@3.7.0
167 silly currentTree ├── nopt@3.0.6
167 silly currentTree ├── npmlog@4.1.2
167 silly currentTree ├── number-is-nan@1.0.1
167 silly currentTree ├── oauth-sign@0.8.2
167 silly currentTree ├── object-assign@4.1.1
167 silly currentTree ├── once@1.4.0
167 silly currentTree ├── optimist@0.3.7
167 silly currentTree ├── os-homedir@1.0.2
167 silly currentTree ├── os-tmpdir@1.0.2
167 silly currentTree ├── osenv@0.1.5
167 silly currentTree ├── path-is-absolute@1.0.1
167 silly currentTree ├── performance-now@0.2.0
167 silly currentTree ├── process-nextick-args@2.0.0
167 silly currentTree ├── punycode@1.4.1
167 silly currentTree ├── qs@6.4.0
167 silly currentTree ├── readable-stream@2.3.6
167 silly currentTree ├── rebuild@0.1.2
167 silly currentTree ├── request@2.81.0
167 silly currentTree ├── rimraf@2.6.2
167 silly currentTree ├── safe-buffer@5.1.2
167 silly currentTree ├── safer-buffer@2.1.2
167 silly currentTree ├── semver@5.3.0
167 silly currentTree ├── set-blocking@2.0.0
167 silly currentTree ├── signal-exit@3.0.2
167 silly currentTree ├── sntp@1.0.9
167 silly currentTree ├─┬ sshpk@1.14.2
167 silly currentTree │ └── assert-plus@1.0.0
167 silly currentTree ├── string_decoder@1.1.1
167 silly currentTree ├── string-width@1.0.2
167 silly currentTree ├── stringstream@0.0.6
167 silly currentTree ├── strip-ansi@3.0.1
167 silly currentTree ├── tar@2.2.1
167 silly currentTree ├── tough-cookie@2.3.4
167 silly currentTree ├── tunnel-agent@0.6.0
167 silly currentTree ├── tweetnacl@0.14.5
167 silly currentTree ├── util-deprecate@1.0.2
167 silly currentTree ├── uuid@3.2.1
167 silly currentTree ├─┬ verror@1.10.0
167 silly currentTree │ └── assert-plus@1.0.0
167 silly currentTree ├── which@1.3.1
167 silly currentTree ├── wide-align@1.1.3
167 silly currentTree ├── wordwrap@0.0.3
167 silly currentTree └── wrappy@1.0.2
168 silly idealTree carrito@1.0.0
168 silly idealTree ├── abbrev@1.1.1
168 silly idealTree ├── ajv@4.11.8
168 silly idealTree ├── ansi-regex@2.1.1
168 silly idealTree ├── aproba@1.2.0
168 silly idealTree ├── are-we-there-yet@1.1.5
168 silly idealTree ├── asn1@0.2.3
168 silly idealTree ├── assert-plus@0.2.0
168 silly idealTree ├── asynckit@0.4.0
168 silly idealTree ├── aws-sign2@0.6.0
168 silly idealTree ├── aws4@1.7.0
168 silly idealTree ├── balanced-match@1.0.0
168 silly idealTree ├── bcrypt-pbkdf@1.0.1
168 silly idealTree ├── bindings@1.3.0
168 silly idealTree ├── block-stream@0.0.9
168 silly idealTree ├── boom@2.10.1
168 silly idealTree ├── brace-expansion@1.1.11
168 silly idealTree ├── caseless@0.12.0
168 silly idealTree ├── co@4.6.0
168 silly idealTree ├── code-point-at@1.1.0
168 silly idealTree ├── combined-stream@1.0.6
168 silly idealTree ├── concat-map@0.0.1
168 silly idealTree ├── console-control-strings@1.1.0
168 silly idealTree ├── core-util-is@1.0.2
168 silly idealTree ├── cryptiles@2.0.5
168 silly idealTree ├─┬ dashdash@1.14.1
168 silly idealTree │ └── assert-plus@1.0.0
168 silly idealTree ├── delayed-stream@1.0.0
168 silly idealTree ├── delegates@1.0.0
168 silly idealTree ├── ecc-jsbn@0.1.1
168 silly idealTree ├── epoll@2.0.1
168 silly idealTree ├── extend@3.0.1
168 silly idealTree ├── extsprintf@1.3.0
168 silly idealTree ├── forever-agent@0.6.1
168 silly idealTree ├── form-data@2.1.4
168 silly idealTree ├── fs.realpath@1.0.0
168 silly idealTree ├── fstream@1.0.11
168 silly idealTree ├── gauge@2.7.4
168 silly idealTree ├─┬ getpass@0.1.7
168 silly idealTree │ └── assert-plus@1.0.0
168 silly idealTree ├── glob@7.1.2
168 silly idealTree ├── graceful-fs@4.1.11
168 silly idealTree ├── har-schema@1.0.5
168 silly idealTree ├── har-validator@4.2.1
168 silly idealTree ├── has-unicode@2.0.1
168 silly idealTree ├── hawk@3.1.3
168 silly idealTree ├── hoek@2.16.3
168 silly idealTree ├── http-signature@1.1.1
168 silly idealTree ├── inflight@1.0.6
168 silly idealTree ├── inherits@2.0.3
168 silly idealTree ├── is-fullwidth-code-point@1.0.0
168 silly idealTree ├── is-typedarray@1.0.0
168 silly idealTree ├── isarray@1.0.0
168 silly idealTree ├── isexe@2.0.0
168 silly idealTree ├── isstream@0.1.2
168 silly idealTree ├── jsbn@0.1.1
168 silly idealTree ├── json-schema@0.2.3
168 silly idealTree ├── json-stable-stringify@1.0.1
168 silly idealTree ├── json-stringify-safe@5.0.1
168 silly idealTree ├── jsonify@0.0.0
168 silly idealTree ├─┬ jsprim@1.4.1
168 silly idealTree │ └── assert-plus@1.0.0
168 silly idealTree ├── lodash.debounce@4.0.8
168 silly idealTree ├── mime-db@1.33.0
168 silly idealTree ├── mime-types@2.1.18
168 silly idealTree ├── minimatch@3.0.4
168 silly idealTree ├── minimist@0.0.8
168 silly idealTree ├── mkdirp@0.5.1
168 silly idealTree ├── nan@2.10.0
168 silly idealTree ├── node-gyp@3.7.0
168 silly idealTree ├── nopt@3.0.6
168 silly idealTree ├── npmlog@4.1.2
168 silly idealTree ├── number-is-nan@1.0.1
168 silly idealTree ├── oauth-sign@0.8.2
168 silly idealTree ├── object-assign@4.1.1
168 silly idealTree ├── once@1.4.0
168 silly idealTree ├── onoff@3.1.0
168 silly idealTree ├── optimist@0.3.7
168 silly idealTree ├── os-homedir@1.0.2
168 silly idealTree ├── os-tmpdir@1.0.2
168 silly idealTree ├── osenv@0.1.5
168 silly idealTree ├── path-is-absolute@1.0.1
168 silly idealTree ├── performance-now@0.2.0
168 silly idealTree ├── process-nextick-args@2.0.0
168 silly idealTree ├── punycode@1.4.1
168 silly idealTree ├── qs@6.4.0
168 silly idealTree ├── readable-stream@2.3.6
168 silly idealTree ├── rebuild@0.1.2
168 silly idealTree ├── request@2.81.0
168 silly idealTree ├── rimraf@2.6.2
168 silly idealTree ├── safe-buffer@5.1.2
168 silly idealTree ├── safer-buffer@2.1.2
168 silly idealTree ├── semver@5.3.0
168 silly idealTree ├── set-blocking@2.0.0
168 silly idealTree ├── signal-exit@3.0.2
168 silly idealTree ├── sntp@1.0.9
168 silly idealTree ├─┬ sshpk@1.14.2
168 silly idealTree │ └── assert-plus@1.0.0
168 silly idealTree ├── string_decoder@1.1.1
168 silly idealTree ├── string-width@1.0.2
168 silly idealTree ├── stringstream@0.0.6
168 silly idealTree ├── strip-ansi@3.0.1
168 silly idealTree ├── tar@2.2.1
168 silly idealTree ├── tough-cookie@2.3.4
168 silly idealTree ├── tunnel-agent@0.6.0
168 silly idealTree ├── tweetnacl@0.14.5
168 silly idealTree ├── util-deprecate@1.0.2
168 silly idealTree ├── uuid@3.2.1
168 silly idealTree ├─┬ verror@1.10.0
168 silly idealTree │ └── assert-plus@1.0.0
168 silly idealTree ├── which@1.3.1
168 silly idealTree ├── wide-align@1.1.3
168 silly idealTree ├── wordwrap@0.0.3
168 silly idealTree └── wrappy@1.0.2
169 silly generateActionsToTake Starting
170 silly install generateActionsToTake
171 silly generateActionsToTake Finishing
172 silly diffTrees action count 6
173 silly diffTrees add bindings@1.3.0
174 silly diffTrees add nan@2.10.0
175 silly diffTrees add epoll@2.0.1
176 silly diffTrees update node-gyp@3.7.0
177 silly diffTrees add onoff@3.1.0
178 silly diffTrees update rebuild@0.1.2
179 silly decomposeActions action count 48
180 silly decomposeActions fetch bindings@1.3.0
181 silly decomposeActions extract bindings@1.3.0
182 silly decomposeActions test bindings@1.3.0
183 silly decomposeActions preinstall bindings@1.3.0
184 silly decomposeActions build bindings@1.3.0
185 silly decomposeActions install bindings@1.3.0
186 silly decomposeActions postinstall bindings@1.3.0
187 silly decomposeActions finalize bindings@1.3.0
188 silly decomposeActions fetch nan@2.10.0
189 silly decomposeActions extract nan@2.10.0
190 silly decomposeActions test nan@2.10.0
191 silly decomposeActions preinstall nan@2.10.0
192 silly decomposeActions build nan@2.10.0
193 silly decomposeActions install nan@2.10.0
194 silly decomposeActions postinstall nan@2.10.0
195 silly decomposeActions finalize nan@2.10.0
196 silly decomposeActions fetch epoll@2.0.1
197 silly decomposeActions extract epoll@2.0.1
198 silly decomposeActions test epoll@2.0.1
199 silly decomposeActions preinstall epoll@2.0.1
200 silly decomposeActions build epoll@2.0.1
201 silly decomposeActions install epoll@2.0.1
202 silly decomposeActions postinstall epoll@2.0.1
203 silly decomposeActions finalize epoll@2.0.1
204 silly decomposeActions fetch node-gyp@3.7.0
205 silly decomposeActions extract node-gyp@3.7.0
206 silly decomposeActions test node-gyp@3.7.0
207 silly decomposeActions preinstall node-gyp@3.7.0
208 silly decomposeActions build node-gyp@3.7.0
209 silly decomposeActions install node-gyp@3.7.0
210 silly decomposeActions postinstall node-gyp@3.7.0
211 silly decomposeActions finalize node-gyp@3.7.0
212 silly decomposeActions fetch onoff@3.1.0
213 silly decomposeActions extract onoff@3.1.0
214 silly decomposeActions test onoff@3.1.0
215 silly decomposeActions preinstall onoff@3.1.0
216 silly decomposeActions build onoff@3.1.0
217 silly decomposeActions install onoff@3.1.0
218 silly decomposeActions postinstall onoff@3.1.0
219 silly decomposeActions finalize onoff@3.1.0
220 silly decomposeActions fetch rebuild@0.1.2
221 silly decomposeActions extract rebuild@0.1.2
222 silly decomposeActions test rebuild@0.1.2
223 silly decomposeActions preinstall rebuild@0.1.2
224 silly decomposeActions build rebuild@0.1.2
225 silly decomposeActions install rebuild@0.1.2
226 silly decomposeActions postinstall rebuild@0.1.2
227 silly decomposeActions finalize rebuild@0.1.2
228 silly executeActions Starting
229 silly install executeActions
230 silly doSerial global-install 0
231 silly doParallel fetch 6
232 verbose lock using /home/rickyrasp/.npm/_locks/staging-a60759574de020b7.lock for /home/rickyrasp/Documentos/carrito/node_modules/.staging
233 silly doParallel extract 6
234 silly extract bindings@1.3.0
235 silly extract nan@2.10.0
236 silly extract epoll@2.0.1
237 silly extract node-gyp@3.7.0
238 silly extract onoff@3.1.0
239 silly extract rebuild@0.1.2
240 verbose unbuild node_modules/.staging/bindings-ccff665c
241 verbose unbuild node_modules/.staging/nan-33ef9690
242 verbose unbuild node_modules/.staging/epoll-9fba57b0
243 verbose unbuild node_modules/.staging/onoff-b1671225
244 verbose unbuild node_modules/.staging/node-gyp-4685a57b
245 verbose unbuild node_modules/.staging/rebuild-91928d01
246 silly gentlyRm /home/rickyrasp/Documentos/carrito/node_modules/.staging/bindings-ccff665c is being purged from base /home/rickyrasp/Documentos/carrito
247 verbose gentlyRm don't care about contents; nuking /home/rickyrasp/Documentos/carrito/node_modules/.staging/bindings-ccff665c
248 silly gentlyRm /home/rickyrasp/Documentos/carrito/node_modules/.staging/nan-33ef9690 is being purged from base /home/rickyrasp/Documentos/carrito
249 verbose gentlyRm don't care about contents; nuking /home/rickyrasp/Documentos/carrito/node_modules/.staging/nan-33ef9690
250 silly gentlyRm /home/rickyrasp/Documentos/carrito/node_modules/.staging/epoll-9fba57b0 is being purged from base /home/rickyrasp/Documentos/carrito
251 verbose gentlyRm don't care about contents; nuking /home/rickyrasp/Documentos/carrito/node_modules/.staging/epoll-9fba57b0
252 silly gentlyRm /home/rickyrasp/Documentos/carrito/node_modules/.staging/onoff-b1671225 is being purged from base /home/rickyrasp/Documentos/carrito
253 verbose gentlyRm don't care about contents; nuking /home/rickyrasp/Documentos/carrito/node_modules/.staging/onoff-b1671225
254 verbose tar unpack /home/rickyrasp/.npm/bindings/1.3.0/package.tgz
255 verbose tar unpacking to /home/rickyrasp/Documentos/carrito/node_modules/.staging/bindings-ccff665c
256 silly gentlyRm /home/rickyrasp/Documentos/carrito/node_modules/.staging/bindings-ccff665c is being purged
257 verbose gentlyRm don't care about contents; nuking /home/rickyrasp/Documentos/carrito/node_modules/.staging/bindings-ccff665c
258 verbose tar unpack /home/rickyrasp/.npm/nan/2.10.0/package.tgz
259 verbose tar unpacking to /home/rickyrasp/Documentos/carrito/node_modules/.staging/nan-33ef9690
260 silly gentlyRm /home/rickyrasp/Documentos/carrito/node_modules/.staging/nan-33ef9690 is being purged
261 verbose gentlyRm don't care about contents; nuking /home/rickyrasp/Documentos/carrito/node_modules/.staging/nan-33ef9690
262 verbose tar unpack /home/rickyrasp/.npm/epoll/2.0.1/package.tgz
263 verbose tar unpacking to /home/rickyrasp/Documentos/carrito/node_modules/.staging/epoll-9fba57b0
264 silly gentlyRm /home/rickyrasp/Documentos/carrito/node_modules/.staging/epoll-9fba57b0 is being purged
265 verbose gentlyRm don't care about contents; nuking /home/rickyrasp/Documentos/carrito/node_modules/.staging/epoll-9fba57b0
266 silly gentlyRm /home/rickyrasp/Documentos/carrito/node_modules/.staging/node-gyp-4685a57b is being purged from base /home/rickyrasp/Documentos/carrito
267 verbose gentlyRm don't care about contents; nuking /home/rickyrasp/Documentos/carrito/node_modules/.staging/node-gyp-4685a57b
268 verbose tar unpack /home/rickyrasp/.npm/onoff/3.1.0/package.tgz
269 verbose tar unpacking to /home/rickyrasp/Documentos/carrito/node_modules/.staging/onoff-b1671225
270 silly gentlyRm /home/rickyrasp/Documentos/carrito/node_modules/.staging/onoff-b1671225 is being purged
271 verbose gentlyRm don't care about contents; nuking /home/rickyrasp/Documentos/carrito/node_modules/.staging/onoff-b1671225
272 silly gentlyRm /home/rickyrasp/Documentos/carrito/node_modules/.staging/rebuild-91928d01 is being purged from base /home/rickyrasp/Documentos/carrito
273 verbose gentlyRm don't care about contents; nuking /home/rickyrasp/Documentos/carrito/node_modules/.staging/rebuild-91928d01
274 silly gunzTarPerm modes [ '775', '664' ]
275 silly gunzTarPerm modes [ '775', '664' ]
276 silly gunzTarPerm modes [ '775', '664' ]
277 verbose tar unpack /home/rickyrasp/.npm/node-gyp/3.7.0/package.tgz
278 verbose tar unpacking to /home/rickyrasp/Documentos/carrito/node_modules/.staging/node-gyp-4685a57b
279 silly gentlyRm /home/rickyrasp/Documentos/carrito/node_modules/.staging/node-gyp-4685a57b is being purged
280 verbose gentlyRm don't care about contents; nuking /home/rickyrasp/Documentos/carrito/node_modules/.staging/node-gyp-4685a57b
281 silly gunzTarPerm modes [ '775', '664' ]
282 verbose tar unpack /home/rickyrasp/.npm/rebuild/0.1.2/package.tgz
283 verbose tar unpacking to /home/rickyrasp/Documentos/carrito/node_modules/.staging/rebuild-91928d01
284 silly gentlyRm /home/rickyrasp/Documentos/carrito/node_modules/.staging/rebuild-91928d01 is being purged
285 verbose gentlyRm don't care about contents; nuking /home/rickyrasp/Documentos/carrito/node_modules/.staging/rebuild-91928d01
286 silly gunzTarPerm modes [ '775', '664' ]
287 silly gunzTarPerm modes [ '775', '664' ]
288 silly gunzTarPerm extractEntry package.json
289 silly gunzTarPerm modified mode [ 'package.json', 420, 436 ]
290 silly gunzTarPerm extractEntry package.json
291 silly gunzTarPerm extractEntry package.json
292 silly gunzTarPerm extractEntry package.json
293 silly gunzTarPerm extractEntry package.json
294 silly gunzTarPerm modified mode [ 'package.json', 420, 436 ]
295 silly gunzTarPerm extractEntry package.json
296 silly gunzTarPerm modified mode [ 'package.json', 438, 436 ]
297 silly gunzTarPerm extractEntry README.md
298 silly gunzTarPerm modified mode [ 'README.md', 420, 436 ]
299 silly gunzTarPerm extractEntry bindings.js
300 silly gunzTarPerm modified mode [ 'bindings.js', 420, 436 ]
301 silly gunzTarPerm extractEntry CHANGELOG.md
302 silly gunzTarPerm extractEntry binding.gyp
303 silly gunzTarPerm extractEntry epoll.js
304 silly gunzTarPerm extractEntry include_dirs.js
305 silly gunzTarPerm extractEntry History.md
306 silly gunzTarPerm extractEntry LICENSE
307 silly gunzTarPerm extractEntry .jshintrc
308 silly gunzTarPerm extractEntry addon.gypi
309 silly gunzTarPerm modified mode [ 'addon.gypi', 420, 436 ]
310 silly gunzTarPerm extractEntry .npmignore
311 silly gunzTarPerm modified mode [ '.npmignore', 438, 436 ]
312 silly gunzTarPerm extractEntry README.md
313 silly gunzTarPerm modified mode [ 'README.md', 438, 436 ]
314 silly gunzTarPerm extractEntry LICENSE.md
315 silly gunzTarPerm extractEntry nan_callbacks_12_inl.h
316 silly gunzTarPerm extractEntry nan_callbacks_pre_12_inl.h
317 silly gunzTarPerm extractEntry History.md
318 silly gunzTarPerm extractEntry LICENSE
319 silly gunzTarPerm extractEntry onoff.js
320 silly gunzTarPerm extractEntry CHANGELOG.md
321 silly gunzTarPerm modified mode [ 'CHANGELOG.md', 420, 436 ]
322 silly gunzTarPerm extractEntry README.md
323 silly gunzTarPerm extractEntry LICENSE
324 silly gunzTarPerm modified mode [ 'LICENSE', 438, 436 ]
325 silly gunzTarPerm extractEntry cli.js
326 silly gunzTarPerm modified mode [ 'cli.js', 438, 436 ]
327 silly gunzTarPerm extractEntry CONTRIBUTING.md
328 silly gunzTarPerm modified mode [ 'CONTRIBUTING.md', 420, 436 ]
329 silly gunzTarPerm extractEntry nan_callbacks.h
330 silly gunzTarPerm extractEntry README.md
331 silly gunzTarPerm extractEntry example/interrupts-per-second/export
332 silly gunzTarPerm extractEntry example/interrupts-per-second/interrupts-per-second.js
333 silly gunzTarPerm extractEntry example/interrupts-per-second/unexport
334 silly gunzTarPerm extractEntry example/watch-button/export
335 silly gunzTarPerm extractEntry example/watch-button/unexport
336 silly gunzTarPerm extractEntry example/watch-button/watch-button.js
337 silly gunzTarPerm extractEntry src/epoll.cc
338 silly gunzTarPerm extractEntry src/epoll.h
339 silly gunzTarPerm extractEntry test/brute-force-leak-check.js
340 silly gunzTarPerm extractEntry test/closed.js
341 silly gunzTarPerm extractEntry test/do-almost-nothing.js
342 silly gunzTarPerm extractEntry test/do-nothing.js
343 silly gunzTarPerm extractEntry test/no-gc-allowed.js
344 silly gunzTarPerm extractEntry test/one-shot.js
345 silly gunzTarPerm extractEntry test/performance-check.js
346 silly gunzTarPerm extractEntry test/run-tests
347 silly gunzTarPerm extractEntry test/two-shot.js
348 silly gunzTarPerm extractEntry test/util.js
349 silly gunzTarPerm extractEntry test/verify-events.js
350 silly gunzTarPerm extractEntry LICENSE
351 silly gunzTarPerm extractEntry README.md
352 silly gunzTarPerm modified mode [ 'README.md', 420, 436 ]
353 silly gunzTarPerm extractEntry examples/accessible.js
354 silly gunzTarPerm extractEntry examples/blink-led-async.js
355 silly gunzTarPerm extractEntry nan_converters_43_inl.h
356 silly gunzTarPerm extractEntry nan_converters_pre_43_inl.h
357 silly gunzTarPerm extractEntry .github/ISSUE_TEMPLATE.md
358 silly gunzTarPerm modified mode [ '.github/ISSUE_TEMPLATE.md', 420, 436 ]
359 silly gunzTarPerm extractEntry .github/PULL_REQUEST_TEMPLATE.md
360 silly gunzTarPerm modified mode [ '.github/PULL_REQUEST_TEMPLATE.md', 420, 436 ]
361 silly gunzTarPerm extractEntry bin/node-gyp.js
362 silly gunzTarPerm extractEntry examples/blink-led.js
363 silly gunzTarPerm extractEntry examples/debounce-button.js
364 silly gunzTarPerm extractEntry nan_converters.h
365 silly gunzTarPerm extractEntry nan_define_own_property_helper.h
366 silly gunzTarPerm extractEntry gyp/AUTHORS
367 silly gunzTarPerm extractEntry gyp/codereview.settings
368 silly gunzTarPerm extractEntry examples/light-switch.js
369 silly gunzTarPerm extractEntry examples/light-switch.png
370 silly gunzTarPerm extractEntry nan_implementation_12_inl.h
371 silly gunzTarPerm extractEntry nan_implementation_pre_12_inl.h
372 silly gunzTarPerm extractEntry nan_json.h
373 silly gentlyRm /home/rickyrasp/Documentos/carrito/node_modules/.staging/bindings-ccff665c/node_modules is being purged
374 verbose gentlyRm don't care about contents; nuking /home/rickyrasp/Documentos/carrito/node_modules/.staging/bindings-ccff665c/node_modules
375 silly gunzTarPerm extractEntry nan_maybe_43_inl.h
376 silly gunzTarPerm extractEntry gyp/data/win/large-pdb-shim.cc
377 silly gunzTarPerm extractEntry gyp/DEPS
378 silly gunzTarPerm extractEntry examples/mygpio-overlay.dts
379 silly gunzTarPerm extractEntry examples/run-examples
380 silly gunzTarPerm extractEntry examples/wait-for-interrupt.js
381 silly gunzTarPerm extractEntry nan_maybe_pre_43_inl.h
382 silly gunzTarPerm extractEntry nan_new.h
383 silly gunzTarPerm extractEntry nan_object_wrap.h
384 silly gunzTarPerm extractEntry gyp/gyp
385 silly gunzTarPerm extractEntry gyp/gyp_main.py
386 silly gunzTarPerm extractEntry nan_persistent_12_inl.h
387 silly gunzTarPerm extractEntry test/blink-led.js
388 silly gunzTarPerm extractEntry test/change-configuration.js
389 silly gunzTarPerm extractEntry nan_persistent_pre_12_inl.h
390 silly gentlyRm /home/rickyrasp/Documentos/carrito/node_modules/.staging/rebuild-91928d01/node_modules is being purged
391 verbose gentlyRm don't care about contents; nuking /home/rickyrasp/Documentos/carrito/node_modules/.staging/rebuild-91928d01/node_modules
392 silly gunzTarPerm extractEntry gyp/gyp.bat
393 silly gunzTarPerm extractEntry gyp/LICENSE
394 silly gunzTarPerm extractEntry nan_private.h
395 silly gunzTarPerm extractEntry nan_string_bytes.h
396 silly gunzTarPerm extractEntry test/configure-and-check-active-low.js
397 silly gunzTarPerm extractEntry test/configure-and-check-input.js
398 silly gunzTarPerm extractEntry gyp/OWNERS
399 silly gunzTarPerm extractEntry gyp/PRESUBMIT.py
400 silly gunzTarPerm extractEntry nan_typedarray_contents.h
401 silly gunzTarPerm extractEntry nan_weak.h
402 silly gunzTarPerm extractEntry test/configure-and-check-output.js
403 silly gunzTarPerm extractEntry test/debounce.js
404 silly gunzTarPerm extractEntry gyp/pylib/gyp/__init__.py
405 silly gunzTarPerm extractEntry gyp/pylib/gyp/common_test.py
406 silly gunzTarPerm extractEntry test/export-many-times.js
407 silly gunzTarPerm extractEntry test/many-interrupts.js
408 silly gunzTarPerm extractEntry nan.h
409 silly gunzTarPerm extractEntry README.md
410 silly gunzTarPerm extractEntry test/output-with-edge-bug.js
411 silly gunzTarPerm extractEntry test/performance-async.js
412 silly gunzTarPerm extractEntry test/performance-interrupt.js
413 silly gunzTarPerm extractEntry gyp/pylib/gyp/common.py
414 silly gunzTarPerm modified mode [ 'gyp/pylib/gyp/common.py', 420, 436 ]
415 silly gunzTarPerm extractEntry gyp/pylib/gyp/easy_xml_test.py
416 silly gunzTarPerm extractEntry doc/asyncworker.md
417 silly gunzTarPerm extractEntry doc/buffers.md
418 silly gunzTarPerm extractEntry test/performance-sync.js
419 silly gunzTarPerm extractEntry test/run-performance-tests
420 silly gunzTarPerm extractEntry test/run-tests
421 silly gunzTarPerm extractEntry test/wait-for-interrupt.js
422 silly gunzTarPerm extractEntry test/wait-for-many-interrupts.js
423 silly gunzTarPerm extractEntry doc/callback.md
424 silly gunzTarPerm extractEntry doc/converters.md
425 silly gunzTarPerm extractEntry gyp/pylib/gyp/easy_xml.py
426 silly gunzTarPerm modified mode [ 'gyp/pylib/gyp/easy_xml.py', 420, 436 ]
427 silly gunzTarPerm extractEntry gyp/pylib/gyp/flock_tool.py
428 silly gunzTarPerm extractEntry doc/errors.md
429 silly gunzTarPerm extractEntry doc/json.md
430 silly gunzTarPerm extractEntry gyp/pylib/gyp/generator/__init__.py
431 silly gunzTarPerm extractEntry gyp/pylib/gyp/generator/analyzer.py
432 silly gunzTarPerm extractEntry doc/maybe_types.md
433 silly gunzTarPerm extractEntry doc/methods.md
434 silly gunzTarPerm extractEntry gyp/pylib/gyp/generator/android.py
435 silly gunzTarPerm extractEntry gyp/pylib/gyp/generator/cmake.py
436 silly gunzTarPerm extractEntry doc/new.md
437 silly gunzTarPerm extractEntry doc/node_misc.md
438 silly gunzTarPerm extractEntry gyp/pylib/gyp/generator/dump_dependency_json.py
439 silly gunzTarPerm extractEntry gyp/pylib/gyp/generator/eclipse.py
440 silly gunzTarPerm extractEntry doc/object_wrappers.md
441 silly gunzTarPerm extractEntry doc/persistent.md
442 silly gunzTarPerm extractEntry gyp/pylib/gyp/generator/gypd.py
443 silly gunzTarPerm extractEntry doc/scopes.md
444 silly gunzTarPerm extractEntry doc/script.md
445 silly gunzTarPerm extractEntry gyp/pylib/gyp/generator/gypsh.py
446 silly gunzTarPerm extractEntry gyp/pylib/gyp/generator/make.py
447 silly gunzTarPerm modified mode [ 'gyp/pylib/gyp/generator/make.py', 420, 436 ]
448 silly gunzTarPerm extractEntry doc/string_bytes.md
449 silly gunzTarPerm extractEntry doc/v8_internals.md
450 silly gunzTarPerm extractEntry gyp/pylib/gyp/generator/msvs_test.py
451 silly gunzTarPerm extractEntry gyp/pylib/gyp/generator/msvs.py
452 silly gunzTarPerm modified mode [ 'gyp/pylib/gyp/generator/msvs.py', 420, 436 ]
453 silly gunzTarPerm extractEntry doc/v8_misc.md
454 silly gunzTarPerm extractEntry gyp/pylib/gyp/generator/ninja_test.py
455 silly gunzTarPerm extractEntry gyp/pylib/gyp/generator/ninja.py
456 silly gunzTarPerm modified mode [ 'gyp/pylib/gyp/generator/ninja.py', 420, 436 ]
457 silly gunzTarPerm extractEntry tools/1to2.js
458 silly gunzTarPerm extractEntry tools/package.json
459 silly gunzTarPerm extractEntry gyp/pylib/gyp/generator/xcode_test.py
460 silly gunzTarPerm extractEntry tools/README.md
461 silly gunzTarPerm extractEntry gyp/pylib/gyp/generator/xcode.py
462 silly gunzTarPerm extractEntry gyp/pylib/gyp/input_test.py
463 silly gunzTarPerm extractEntry gyp/pylib/gyp/input.py
464 silly gunzTarPerm modified mode [ 'gyp/pylib/gyp/input.py', 420, 436 ]
465 silly gunzTarPerm extractEntry gyp/pylib/gyp/mac_tool.py
466 silly gunzTarPerm extractEntry gyp/pylib/gyp/msvs_emulation.py
467 silly gunzTarPerm extractEntry gyp/pylib/gyp/MSVSNew.py
468 silly gunzTarPerm extractEntry gyp/pylib/gyp/MSVSProject.py
469 silly gunzTarPerm extractEntry gyp/pylib/gyp/MSVSSettings_test.py
470 silly gunzTarPerm extractEntry gyp/pylib/gyp/MSVSSettings.py
471 silly gunzTarPerm extractEntry gyp/pylib/gyp/MSVSToolFile.py
472 silly gunzTarPerm extractEntry gyp/pylib/gyp/MSVSUserFile.py
473 silly gunzTarPerm extractEntry gyp/pylib/gyp/MSVSUtil.py
474 silly gunzTarPerm extractEntry gyp/pylib/gyp/MSVSVersion.py
475 silly gunzTarPerm extractEntry gyp/pylib/gyp/ninja_syntax.py
476 silly gentlyRm /home/rickyrasp/Documentos/carrito/node_modules/.staging/epoll-9fba57b0/node_modules is being purged
477 verbose gentlyRm don't care about contents; nuking /home/rickyrasp/Documentos/carrito/node_modules/.staging/epoll-9fba57b0/node_modules
478 silly gunzTarPerm extractEntry gyp/pylib/gyp/ordered_dict.py
479 silly gunzTarPerm extractEntry gyp/pylib/gyp/simple_copy.py
480 silly gunzTarPerm extractEntry gyp/pylib/gyp/win_tool.py
481 silly gunzTarPerm extractEntry gyp/pylib/gyp/xcode_emulation.py
482 silly gunzTarPerm modified mode [ 'gyp/pylib/gyp/xcode_emulation.py', 420, 436 ]
483 silly gunzTarPerm extractEntry gyp/pylib/gyp/xcode_ninja.py
484 silly gunzTarPerm extractEntry gyp/pylib/gyp/xcodeproj_file.py
485 silly gunzTarPerm extractEntry gyp/pylib/gyp/xml_fix.py
486 silly gunzTarPerm extractEntry gyp/samples/samples
487 silly gunzTarPerm extractEntry gyp/samples/samples.bat
488 silly gunzTarPerm extractEntry gyp/setup.py
489 silly gunzTarPerm extractEntry gyp/tools/emacs/gyp-tests.el
490 silly gunzTarPerm extractEntry gyp/tools/emacs/gyp.el
491 silly gunzTarPerm extractEntry gyp/tools/emacs/README
492 silly gunzTarPerm extractEntry gyp/tools/emacs/run-unit-tests.sh
493 silly gunzTarPerm extractEntry gyp/tools/emacs/testdata/media.gyp
494 silly gunzTarPerm extractEntry gyp/tools/emacs/testdata/media.gyp.fontified
495 silly gunzTarPerm extractEntry gyp/tools/graphviz.py
496 silly gunzTarPerm extractEntry gyp/tools/pretty_gyp.py
497 silly gunzTarPerm extractEntry gyp/tools/pretty_sln.py
498 silly gunzTarPerm extractEntry gyp/tools/pretty_vcproj.py
499 silly gunzTarPerm extractEntry gyp/tools/README
500 silly gunzTarPerm extractEntry gyp/tools/Xcode/README
501 silly gunzTarPerm extractEntry gyp/tools/Xcode/Specifications/gyp.pbfilespec
502 silly gunzTarPerm extractEntry gyp/tools/Xcode/Specifications/gyp.xclangspec
503 silly gunzTarPerm extractEntry lib/build.js
504 silly gunzTarPerm modified mode [ 'lib/build.js', 420, 436 ]
505 silly gunzTarPerm extractEntry lib/clean.js
506 silly gunzTarPerm extractEntry lib/configure.js
507 silly gunzTarPerm modified mode [ 'lib/configure.js', 420, 436 ]
508 silly gunzTarPerm extractEntry lib/find-node-directory.js
509 silly gunzTarPerm extractEntry lib/Find-VS2017.cs
510 silly gunzTarPerm extractEntry lib/find-vs2017.js
511 silly gunzTarPerm modified mode [ 'lib/find-vs2017.js', 420, 436 ]
512 silly gunzTarPerm extractEntry lib/install.js
513 silly gunzTarPerm modified mode [ 'lib/install.js', 420, 436 ]
514 silly gunzTarPerm extractEntry lib/list.js
515 silly gunzTarPerm extractEntry lib/node-gyp.js
516 silly gunzTarPerm extractEntry lib/process-release.js
517 silly gunzTarPerm extractEntry lib/rebuild.js
518 silly gunzTarPerm extractEntry lib/remove.js
519 silly gunzTarPerm extractEntry src/win_delay_load_hook.cc
520 silly gunzTarPerm extractEntry test/docker.sh
521 silly gunzTarPerm extractEntry test/fixtures/ca-bundle.crt
522 silly gunzTarPerm extractEntry test/fixtures/ca.crt
523 silly gunzTarPerm extractEntry test/fixtures/server.crt
524 silly gunzTarPerm extractEntry test/fixtures/server.key
525 silly gunzTarPerm extractEntry test/fixtures/test-charmap.py
526 silly gunzTarPerm modified mode [ 'test/fixtures/test-charmap.py', 420, 436 ]
527 silly gunzTarPerm extractEntry test/simple-proxy.js
528 silly gunzTarPerm extractEntry test/test-addon.js
529 silly gunzTarPerm modified mode [ 'test/test-addon.js', 420, 436 ]
530 silly gunzTarPerm extractEntry test/test-configure-python.js
531 silly gunzTarPerm extractEntry test/test-download.js
532 silly gunzTarPerm extractEntry test/test-find-accessible-sync.js
533 silly gunzTarPerm extractEntry test/test-find-node-directory.js
534 silly gunzTarPerm extractEntry test/test-find-python.js
535 silly gunzTarPerm extractEntry test/test-install.js
536 silly gunzTarPerm modified mode [ 'test/test-install.js', 420, 436 ]
537 silly gunzTarPerm extractEntry test/test-options.js
538 silly gunzTarPerm extractEntry test/test-process-release.js
539 silly gentlyRm /home/rickyrasp/Documentos/carrito/node_modules/.staging/onoff-b1671225/node_modules is being purged
540 verbose gentlyRm don't care about contents; nuking /home/rickyrasp/Documentos/carrito/node_modules/.staging/onoff-b1671225/node_modules
541 silly gentlyRm /home/rickyrasp/Documentos/carrito/node_modules/.staging/nan-33ef9690/node_modules is being purged
542 verbose gentlyRm don't care about contents; nuking /home/rickyrasp/Documentos/carrito/node_modules/.staging/nan-33ef9690/node_modules
543 silly gentlyRm /home/rickyrasp/Documentos/carrito/node_modules/.staging/node-gyp-4685a57b/node_modules is being purged
544 verbose gentlyRm don't care about contents; nuking /home/rickyrasp/Documentos/carrito/node_modules/.staging/node-gyp-4685a57b/node_modules
545 silly doParallel preinstall 6
546 silly preinstall bindings@1.3.0 /home/rickyrasp/Documentos/carrito/node_modules/.staging/bindings-ccff665c
547 info lifecycle bindings@1.3.0~preinstall: bindings@1.3.0
548 silly preinstall nan@2.10.0 /home/rickyrasp/Documentos/carrito/node_modules/.staging/nan-33ef9690
549 info lifecycle nan@2.10.0~preinstall: nan@2.10.0
550 silly preinstall epoll@2.0.1 /home/rickyrasp/Documentos/carrito/node_modules/.staging/epoll-9fba57b0
551 info lifecycle epoll@2.0.1~preinstall: epoll@2.0.1
552 silly preinstall node-gyp@3.7.0 /home/rickyrasp/Documentos/carrito/node_modules/.staging/node-gyp-4685a57b
553 info lifecycle node-gyp@3.7.0~preinstall: node-gyp@3.7.0
554 silly preinstall onoff@3.1.0 /home/rickyrasp/Documentos/carrito/node_modules/.staging/onoff-b1671225
555 info lifecycle onoff@3.1.0~preinstall: onoff@3.1.0
556 silly preinstall rebuild@0.1.2 /home/rickyrasp/Documentos/carrito/node_modules/.staging/rebuild-91928d01
557 info lifecycle rebuild@0.1.2~preinstall: rebuild@0.1.2
558 silly lifecycle bindings@1.3.0~preinstall: no script for preinstall, continuing
559 silly lifecycle nan@2.10.0~preinstall: no script for preinstall, continuing
560 silly lifecycle epoll@2.0.1~preinstall: no script for preinstall, continuing
561 silly lifecycle node-gyp@3.7.0~preinstall: no script for preinstall, continuing
562 silly lifecycle onoff@3.1.0~preinstall: no script for preinstall, continuing
563 silly lifecycle rebuild@0.1.2~preinstall: no script for preinstall, continuing
564 silly doReverseSerial remove 0
565 silly doSerial move 0
566 silly doSerial finalize 6
567 silly finalize /home/rickyrasp/Documentos/carrito/node_modules/bindings
568 silly finalize /home/rickyrasp/Documentos/carrito/node_modules/nan
569 silly finalize /home/rickyrasp/Documentos/carrito/node_modules/epoll
570 silly finalize /home/rickyrasp/Documentos/carrito/node_modules/node-gyp
571 silly finalize /home/rickyrasp/Documentos/carrito/node_modules/onoff
572 silly finalize /home/rickyrasp/Documentos/carrito/node_modules/rebuild
573 silly doSerial build 6
574 silly build bindings@1.3.0
575 info linkStuff bindings@1.3.0
576 silly linkStuff bindings@1.3.0 has /home/rickyrasp/Documentos/carrito/node_modules as its parent node_modules
577 verbose linkBins bindings@1.3.0
578 verbose linkMans bindings@1.3.0
579 silly build nan@2.10.0
580 info linkStuff nan@2.10.0
581 silly linkStuff nan@2.10.0 has /home/rickyrasp/Documentos/carrito/node_modules as its parent node_modules
582 verbose linkBins nan@2.10.0
583 verbose linkMans nan@2.10.0
584 silly build epoll@2.0.1
585 info linkStuff epoll@2.0.1
586 silly linkStuff epoll@2.0.1 has /home/rickyrasp/Documentos/carrito/node_modules as its parent node_modules
587 verbose linkBins epoll@2.0.1
588 verbose linkMans epoll@2.0.1
589 silly build node-gyp@3.7.0
590 info linkStuff node-gyp@3.7.0
591 silly linkStuff node-gyp@3.7.0 has /home/rickyrasp/Documentos/carrito/node_modules as its parent node_modules
592 warn prefer global node-gyp@3.7.0 should be installed with -g
593 verbose linkBins node-gyp@3.7.0
594 verbose link bins [ { 'node-gyp': './bin/node-gyp.js' },
594 verbose link bins   '/home/rickyrasp/Documentos/carrito/node_modules/.bin',
594 verbose link bins   false ]
595 verbose linkMans node-gyp@3.7.0
596 silly build onoff@3.1.0
597 info linkStuff onoff@3.1.0
598 silly linkStuff onoff@3.1.0 has /home/rickyrasp/Documentos/carrito/node_modules as its parent node_modules
599 verbose linkBins onoff@3.1.0
600 verbose linkMans onoff@3.1.0
601 silly build rebuild@0.1.2
602 info linkStuff rebuild@0.1.2
603 silly linkStuff rebuild@0.1.2 has /home/rickyrasp/Documentos/carrito/node_modules as its parent node_modules
604 verbose linkBins rebuild@0.1.2
605 verbose link bins [ { rebuild: './cli.js' },
605 verbose link bins   '/home/rickyrasp/Documentos/carrito/node_modules/.bin',
605 verbose link bins   false ]
606 verbose linkMans rebuild@0.1.2
607 silly doSerial global-link 0
608 silly doParallel update-linked 0
609 silly doSerial install 6
610 silly install bindings@1.3.0 /home/rickyrasp/Documentos/carrito/node_modules/.staging/bindings-ccff665c
611 info lifecycle bindings@1.3.0~install: bindings@1.3.0
612 silly lifecycle bindings@1.3.0~install: no script for install, continuing
613 silly install nan@2.10.0 /home/rickyrasp/Documentos/carrito/node_modules/.staging/nan-33ef9690
614 info lifecycle nan@2.10.0~install: nan@2.10.0
615 silly lifecycle nan@2.10.0~install: no script for install, continuing
616 silly install epoll@2.0.1 /home/rickyrasp/Documentos/carrito/node_modules/.staging/epoll-9fba57b0
617 info lifecycle epoll@2.0.1~install: epoll@2.0.1
618 verbose lifecycle epoll@2.0.1~install: unsafe-perm in lifecycle true
619 verbose lifecycle epoll@2.0.1~install: PATH: /usr/share/npm/bin/node-gyp-bin:/home/rickyrasp/Documentos/carrito/node_modules/epoll/node_modules/.bin:/home/rickyrasp/Documentos/carrito/node_modules/.bin:/home/rickyrasp/bin:/home/rickyrasp/.local/bin:/usr/local/sbin:/usr/local/bin:/usr/sbin:/usr/bin:/sbin:/bin:/usr/games:/usr/local/games:/snap/bin
620 verbose lifecycle epoll@2.0.1~install: CWD: /home/rickyrasp/Documentos/carrito/node_modules/epoll
621 silly lifecycle epoll@2.0.1~install: Args: [ '-c', 'node-gyp rebuild' ]
622 info lifecycle epoll@2.0.1~install: Failed to exec install script
623 verbose unlock done using /home/rickyrasp/.npm/_locks/staging-a60759574de020b7.lock for /home/rickyrasp/Documentos/carrito/node_modules/.staging
624 silly rollbackFailedOptional Starting
625 silly rollbackFailedOptional Finishing
626 silly runTopLevelLifecycles Starting
627 silly runTopLevelLifecycles Finishing
628 silly install printInstalled
629 warn carrito@1.0.0 No description
630 verbose stack Error: epoll@2.0.1 install: `node-gyp rebuild`
630 verbose stack spawn ENOENT
630 verbose stack     at ChildProcess.<anonymous> (/usr/share/npm/lib/utils/spawn.js:17:16)
630 verbose stack     at emitTwo (events.js:87:13)
630 verbose stack     at ChildProcess.emit (events.js:172:7)
630 verbose stack     at maybeClose (internal/child_process.js:821:16)
630 verbose stack     at Process.ChildProcess._handle.onexit (internal/child_process.js:211:5)
631 verbose pkgid epoll@2.0.1
632 verbose cwd /home/rickyrasp/Documentos/carrito
633 error Linux 4.4.38-v7+
634 error argv "/usr/bin/nodejs" "/usr/bin/npm" "install" "onoff"
635 error node v4.2.6
636 error npm  v3.5.2
637 error file sh
638 error code ELIFECYCLE
639 error errno ENOENT
640 error syscall spawn
641 error epoll@2.0.1 install: `node-gyp rebuild`
641 error spawn ENOENT
642 error Failed at the epoll@2.0.1 install script 'node-gyp rebuild'.
642 error Make sure you have the latest version of node.js and npm installed.
642 error If you do, this is most likely a problem with the epoll package,
642 error not with npm itself.
642 error Tell the author that this fails on your system:
642 error     node-gyp rebuild
642 error You can get information on how to open an issue for this project with:
642 error     npm bugs epoll
642 error Or if that isn't available, you can get their info via:
642 error     npm owner ls epoll
642 error There is likely additional logging output above.
643 verbose exit [ 1, true ]
